0 info it worked if it ends with ok
1 verbose cli [ '/usr/local/Cellar/node/7.3.0/bin/node',
1 verbose cli   '/usr/local/bin/npm',
1 verbose cli   'run',
1 verbose cli   'build:windows' ]
2 info using npm@3.10.10
3 info using node@v7.3.0
4 verbose run-script [ 'prebuild:windows', 'build:windows', 'postbuild:windows' ]
5 info lifecycle EROTONMT940CONVERTER@1.0.0~prebuild:windows: EROTONMT940CONVERTER@1.0.0
6 silly lifecycle EROTONMT940CONVERTER@1.0.0~prebuild:windows: no script for prebuild:windows, continuing
7 info lifecycle EROTONMT940CONVERTER@1.0.0~build:windows: EROTONMT940CONVERTER@1.0.0
8 verbose lifecycle EROTONMT940CONVERTER@1.0.0~build:windows: unsafe-perm in lifecycle true
9 verbose lifecycle EROTONMT940CONVERTER@1.0.0~build:windows: PATH: /usr/local/lib/node_modules/npm/bin/node-gyp-bin:/Users/mocheje/projects/eroton/EROTONMT940CONVERTER/node_modules/.bin:/usr/local/Cellar/node/7.3.0/bin:/usr/local/bin:/usr/bin:/bin:/usr/sbin:/sbin:/opt/X11/bin:/usr/local/Cellar/node/7.3.0/bin:/Users/mocheje/Library/Android/sdk/tools:/Users/mocheje/Library/Android/sdk/platform-tools:/Users/mocheje/.rvm/bin:/usr/local/mysql/bin
10 verbose lifecycle EROTONMT940CONVERTER@1.0.0~build:windows: CWD: /Users/mocheje/projects/eroton/EROTONMT940CONVERTER
11 silly lifecycle EROTONMT940CONVERTER@1.0.0~build:windows: Args: [ '-c',
11 silly lifecycle   'npm run clean && npm run package:windows && npm run setup:windows' ]
12 silly lifecycle EROTONMT940CONVERTER@1.0.0~build:windows: Returned: code: 1  signal: null
13 info lifecycle EROTONMT940CONVERTER@1.0.0~build:windows: Failed to exec build:windows script
14 verbose stack Error: EROTONMT940CONVERTER@1.0.0 build:windows: `npm run clean && npm run package:windows && npm run setup:windows`
14 verbose stack Exit status 1
14 verbose stack     at EventEmitter.<anonymous> (/usr/local/lib/node_modules/npm/lib/utils/lifecycle.js:255:16)
14 verbose stack     at emitTwo (events.js:106:13)
14 verbose stack     at EventEmitter.emit (events.js:191:7)
14 verbose stack     at ChildProcess.<anonymous> (/usr/local/lib/node_modules/npm/lib/utils/spawn.js:40:14)
14 verbose stack     at emitTwo (events.js:106:13)
14 verbose stack     at ChildProcess.emit (events.js:191:7)
14 verbose stack     at maybeClose (internal/child_process.js:885:16)
14 verbose stack     at Process.ChildProcess._handle.onexit (internal/child_process.js:226:5)
15 verbose pkgid EROTONMT940CONVERTER@1.0.0
16 verbose cwd /Users/mocheje/projects/eroton/EROTONMT940CONVERTER
17 error Darwin 16.6.0
18 error argv "/usr/local/Cellar/node/7.3.0/bin/node" "/usr/local/bin/npm" "run" "build:windows"
19 error node v7.3.0
20 error npm  v3.10.10
21 error code ELIFECYCLE
22 error EROTONMT940CONVERTER@1.0.0 build:windows: `npm run clean && npm run package:windows && npm run setup:windows`
22 error Exit status 1
23 error Failed at the EROTONMT940CONVERTER@1.0.0 build:windows script 'npm run clean && npm run package:windows && npm run setup:windows'.
23 error Make sure you have the latest version of node.js and npm installed.
23 error If you do, this is most likely a problem with the EROTONMT940CONVERTER package,
23 error not with npm itself.
23 error Tell the author that this fails on your system:
23 error     npm run clean && npm run package:windows && npm run setup:windows
23 error You can get information on how to open an issue for this project with:
23 error     npm bugs EROTONMT940CONVERTER
23 error Or if that isn't available, you can get their info via:
23 error     npm owner ls EROTONMT940CONVERTER
23 error There is likely additional logging output above.
24 verbose exit [ 1, true ]
